0 info it worked if it ends with ok
1 verbose cli [ '/usr/bin/node', '/usr/bin/npm', 'run', 'test:watch' ]
2 info using npm@3.5.2
3 info using node@v8.10.0
4 verbose run-script [ 'pretest:watch', 'test:watch', 'posttest:watch' ]
5 info lifecycle nestjs-task-management@0.0.1~pretest:watch: nestjs-task-management@0.0.1
6 silly lifecycle nestjs-task-management@0.0.1~pretest:watch: no script for pretest:watch, continuing
7 info lifecycle nestjs-task-management@0.0.1~test:watch: nestjs-task-management@0.0.1
8 verbose lifecycle nestjs-task-management@0.0.1~test:watch: unsafe-perm in lifecycle true
9 verbose lifecycle nestjs-task-management@0.0.1~test:watch: PATH: /usr/share/npm/bin/node-gyp-bin:/home/deriksoares/Documents/nestjs-task-management/node_modules/.bin:/home/deriksoares/.npm-global/bin:/usr/local/sbin:/usr/local/bin:/usr/sbin:/usr/bin:/sbin:/bin:/usr/games:/usr/local/games
10 verbose lifecycle nestjs-task-management@0.0.1~test:watch: CWD: /home/deriksoares/Documents/nestjs-task-management
11 silly lifecycle nestjs-task-management@0.0.1~test:watch: Args: [ '-c', 'jest --watch' ]
12 silly lifecycle nestjs-task-management@0.0.1~test:watch: Returned: code: 1  signal: null
13 info lifecycle nestjs-task-management@0.0.1~test:watch: Failed to exec test:watch script
14 verbose stack Error: nestjs-task-management@0.0.1 test:watch: `jest --watch`
14 verbose stack Exit status 1
14 verbose stack     at EventEmitter.<anonymous> (/usr/share/npm/lib/utils/lifecycle.js:232:16)
14 verbose stack     at emitTwo (events.js:126:13)
14 verbose stack     at EventEmitter.emit (events.js:214:7)
14 verbose stack     at ChildProcess.<anonymous> (/usr/share/npm/lib/utils/spawn.js:24:14)
14 verbose stack     at emitTwo (events.js:126:13)
14 verbose stack     at ChildProcess.emit (events.js:214:7)
14 verbose stack     at maybeClose (internal/child_process.js:925:16)
14 verbose stack     at Process.ChildProcess._handle.onexit (internal/child_process.js:209:5)
15 verbose pkgid nestjs-task-management@0.0.1
16 verbose cwd /home/deriksoares/Documents/nestjs-task-management
17 error Linux 4.15.0-72-generic
18 error argv "/usr/bin/node" "/usr/bin/npm" "run" "test:watch"
19 error node v8.10.0
20 error npm  v3.5.2
21 error code ELIFECYCLE
22 error nestjs-task-management@0.0.1 test:watch: `jest --watch`
22 error Exit status 1
23 error Failed at the nestjs-task-management@0.0.1 test:watch script 'jest --watch'.
23 error Make sure you have the latest version of node.js and npm installed.
23 error If you do, this is most likely a problem with the nestjs-task-management package,
23 error not with npm itself.
23 error Tell the author that this fails on your system:
23 error     jest --watch
23 error You can get information on how to open an issue for this project with:
23 error     npm bugs nestjs-task-management
23 error Or if that isn't available, you can get their info via:
23 error     npm owner ls nestjs-task-management
23 error There is likely additional logging output above.
24 verbose exit [ 1, true ]
